<?xml version="1.0" encoding="UTF-8"?>
<robot generator="Robot 6.1.1 (Python 3.10.12 on linux)" generated="20231114 23:51:18.622" rpa="false" schemaversion="4">
<suite id="s1" name="Tests" source="/home/oskar/ohtu/viikko3/web-login/src/tests">
<suite id="s1-s1" name="Home" source="/home/oskar/ohtu/viikko3/web-login/src/tests/home.robot">
<kw name="Open And Configure Browser" library="resource" type="SETUP">
<kw name="Evaluate" library="BuiltIn">
<var>${options}</var>
<arg>sys.modules['selenium.webdriver'].ChromeOptions()</arg>
<arg>sys</arg>
<doc>Evaluates the given expression in Python and returns the result.</doc>
<msg timestamp="20231114 23:51:18.741" level="INFO">${options} = &lt;selenium.webdriver.chrome.options.Options object at 0x7fbc39395ae0&gt;</msg>
<status status="PASS" starttime="20231114 23:51:18.741" endtime="20231114 23:51:18.741"/>
</kw>
<kw name="Call Method" library="BuiltIn">
<arg>${options}</arg>
<arg>add_argument</arg>
<arg>--no-sandbox</arg>
<doc>Calls the named method of the given object with the provided arguments.</doc>
<status status="PASS" starttime="20231114 23:51:18.741" endtime="20231114 23:51:18.741"/>
</kw>
<kw name="Call Method" library="BuiltIn">
<arg>${options}</arg>
<arg>add_argument</arg>
<arg>--headless</arg>
<doc>Calls the named method of the given object with the provided arguments.</doc>
<status status="PASS" starttime="20231114 23:51:18.741" endtime="20231114 23:51:18.742"/>
</kw>
<kw name="Open Browser" library="SeleniumLibrary">
<arg>browser=chrome</arg>
<arg>options=${options}</arg>
<doc>Opens a new browser instance to the optional ``url``.</doc>
<msg timestamp="20231114 23:51:18.742" level="INFO">Opening browser 'chrome' to base url 'None'.</msg>
<status status="PASS" starttime="20231114 23:51:18.742" endtime="20231114 23:51:19.442"/>
</kw>
<kw name="Set Selenium Speed" library="SeleniumLibrary">
<arg>${DELAY}</arg>
<doc>Sets the delay that is waited after each Selenium command.</doc>
<status status="PASS" starttime="20231114 23:51:19.442" endtime="20231114 23:51:19.443"/>
</kw>
<status status="PASS" starttime="20231114 23:51:18.741" endtime="20231114 23:51:19.443"/>
</kw>
<test id="s1-s1-t1" name="Click Login Link" line="8">
<kw name="Go To Main Page" library="resource" type="SETUP">
<kw name="Go To" library="SeleniumLibrary">
<arg>${HOME_URL}</arg>
<doc>Navigates the current browser window to the provided ``url``.</doc>
<msg timestamp="20231114 23:51:19.444" level="INFO">Opening url 'http://localhost:5001'</msg>
<status status="PASS" starttime="20231114 23:51:19.444" endtime="20231114 23:51:19.480"/>
</kw>
<status status="PASS" starttime="20231114 23:51:19.443" endtime="20231114 23:51:19.480"/>
</kw>
<kw name="Click Link" library="SeleniumLibrary">
<arg>Login</arg>
<doc>Clicks a link identified by ``locator``.</doc>
<msg timestamp="20231114 23:51:19.480" level="INFO">Clicking link 'Login'.</msg>
<status status="PASS" starttime="20231114 23:51:19.480" endtime="20231114 23:51:19.527"/>
</kw>
<kw name="Login Page Should Be Open" library="resource">
<kw name="Title Should Be" library="SeleniumLibrary">
<arg>Login</arg>
<doc>Verifies that the current page title equals ``title``.</doc>
<msg timestamp="20231114 23:51:19.533" level="INFO">Page title is 'Login'.</msg>
<status status="PASS" starttime="20231114 23:51:19.528" endtime="20231114 23:51:19.533"/>
</kw>
<status status="PASS" starttime="20231114 23:51:19.528" endtime="20231114 23:51:19.533"/>
</kw>
<status status="PASS" starttime="20231114 23:51:19.443" endtime="20231114 23:51:19.534"/>
</test>
<test id="s1-s1-t2" name="Click Register Link" line="12">
<kw name="Go To Main Page" library="resource" type="SETUP">
<kw name="Go To" library="SeleniumLibrary">
<arg>${HOME_URL}</arg>
<doc>Navigates the current browser window to the provided ``url``.</doc>
<msg timestamp="20231114 23:51:19.535" level="INFO">Opening url 'http://localhost:5001'</msg>
<status status="PASS" starttime="20231114 23:51:19.535" endtime="20231114 23:51:19.548"/>
</kw>
<status status="PASS" starttime="20231114 23:51:19.534" endtime="20231114 23:51:19.548"/>
</kw>
<kw name="Click Link" library="SeleniumLibrary">
<arg>Register new user</arg>
<doc>Clicks a link identified by ``locator``.</doc>
<msg timestamp="20231114 23:51:19.549" level="INFO">Clicking link 'Register new user'.</msg>
<status status="PASS" starttime="20231114 23:51:19.549" endtime="20231114 23:51:19.598"/>
</kw>
<kw name="Register Page Should Be Open" library="resource">
<kw name="Title Should Be" library="SeleniumLibrary">
<arg>Register</arg>
<doc>Verifies that the current page title equals ``title``.</doc>
<msg timestamp="20231114 23:51:19.601" level="INFO">Page title is 'Register'.</msg>
<status status="PASS" starttime="20231114 23:51:19.598" endtime="20231114 23:51:19.601"/>
</kw>
<status status="PASS" starttime="20231114 23:51:19.598" endtime="20231114 23:51:19.601"/>
</kw>
<status status="PASS" starttime="20231114 23:51:19.534" endtime="20231114 23:51:19.601"/>
</test>
<kw name="Close Browser" library="SeleniumLibrary" type="TEARDOWN">
<doc>Closes the current browser.</doc>
<status status="PASS" starttime="20231114 23:51:19.602" endtime="20231114 23:51:19.658"/>
</kw>
<status status="PASS" starttime="20231114 23:51:18.635" endtime="20231114 23:51:19.658"/>
</suite>
<suite id="s1-s2" name="Login" source="/home/oskar/ohtu/viikko3/web-login/src/tests/login.robot">
<kw name="Open And Configure Browser" library="resource" type="SETUP">
<kw name="Evaluate" library="BuiltIn">
<var>${options}</var>
<arg>sys.modules['selenium.webdriver'].ChromeOptions()</arg>
<arg>sys</arg>
<doc>Evaluates the given expression in Python and returns the result.</doc>
<msg timestamp="20231114 23:51:19.662" level="INFO">${options} = &lt;selenium.webdriver.chrome.options.Options object at 0x7fbc39397070&gt;</msg>
<status status="PASS" starttime="20231114 23:51:19.662" endtime="20231114 23:51:19.662"/>
</kw>
<kw name="Call Method" library="BuiltIn">
<arg>${options}</arg>
<arg>add_argument</arg>
<arg>--no-sandbox</arg>
<doc>Calls the named method of the given object with the provided arguments.</doc>
<status status="PASS" starttime="20231114 23:51:19.662" endtime="20231114 23:51:19.662"/>
</kw>
<kw name="Call Method" library="BuiltIn">
<arg>${options}</arg>
<arg>add_argument</arg>
<arg>--headless</arg>
<doc>Calls the named method of the given object with the provided arguments.</doc>
<status status="PASS" starttime="20231114 23:51:19.662" endtime="20231114 23:51:19.662"/>
</kw>
<kw name="Open Browser" library="SeleniumLibrary">
<arg>browser=chrome</arg>
<arg>options=${options}</arg>
<doc>Opens a new browser instance to the optional ``url``.</doc>
<msg timestamp="20231114 23:51:19.664" level="INFO">Opening browser 'chrome' to base url 'None'.</msg>
<status status="PASS" starttime="20231114 23:51:19.663" endtime="20231114 23:51:20.313"/>
</kw>
<kw name="Set Selenium Speed" library="SeleniumLibrary">
<arg>${DELAY}</arg>
<doc>Sets the delay that is waited after each Selenium command.</doc>
<status status="PASS" starttime="20231114 23:51:20.313" endtime="20231114 23:51:20.313"/>
</kw>
<status status="PASS" starttime="20231114 23:51:19.662" endtime="20231114 23:51:20.314"/>
</kw>
<test id="s1-s2-t1" name="Login With Correct Credentials" line="8">
<kw name="Create User And Go To Login Page" type="SETUP">
<kw name="Create User" library="AppLibrary">
<arg>kalle</arg>
<arg>kalle123</arg>
<status status="PASS" starttime="20231114 23:51:20.314" endtime="20231114 23:51:20.319"/>
</kw>
<kw name="Go To Login Page" library="resource">
<kw name="Go To" library="SeleniumLibrary">
<arg>${LOGIN_URL}</arg>
<doc>Navigates the current browser window to the provided ``url``.</doc>
<msg timestamp="20231114 23:51:20.320" level="INFO">Opening url 'http://localhost:5001/login'</msg>
<status status="PASS" starttime="20231114 23:51:20.320" endtime="20231114 23:51:20.351"/>
</kw>
<status status="PASS" starttime="20231114 23:51:20.319" endtime="20231114 23:51:20.351"/>
</kw>
<kw name="Login Page Should Be Open" library="resource">
<kw name="Title Should Be" library="SeleniumLibrary">
<arg>Login</arg>
<doc>Verifies that the current page title equals ``title``.</doc>
<msg timestamp="20231114 23:51:20.359" level="INFO">Page title is 'Login'.</msg>
<status status="PASS" starttime="20231114 23:51:20.351" endtime="20231114 23:51:20.360"/>
</kw>
<status status="PASS" starttime="20231114 23:51:20.351" endtime="20231114 23:51:20.360"/>
</kw>
<status status="PASS" starttime="20231114 23:51:20.314" endtime="20231114 23:51:20.360"/>
</kw>
<kw name="Set Username">
<arg>kalle</arg>
<kw name="Input Text" library="SeleniumLibrary">
<arg>username</arg>
<arg>${username}</arg>
<doc>Types the given ``text`` into the text field identified by ``locator``.</doc>
<msg timestamp="20231114 23:51:20.361" level="INFO">Typing text 'kalle' into text field 'username'.</msg>
<status status="PASS" starttime="20231114 23:51:20.360" endtime="20231114 23:51:20.426"/>
</kw>
<status status="PASS" starttime="20231114 23:51:20.360" endtime="20231114 23:51:20.426"/>
</kw>
<kw name="Set Password">
<arg>kalle123</arg>
<kw name="Input Password" library="SeleniumLibrary">
<arg>password</arg>
<arg>${password}</arg>
<doc>Types the given password into the text field identified by ``locator``.</doc>
<msg timestamp="20231114 23:51:20.426" level="INFO">Typing password into text field 'password'.</msg>
<msg timestamp="20231114 23:51:20.447" level="INFO">Temporally setting log level to: NONE</msg>
<msg timestamp="20231114 23:51:20.479" level="INFO">Log level changed from NONE to INFO.</msg>
<status status="PASS" starttime="20231114 23:51:20.426" endtime="20231114 23:51:20.479"/>
</kw>
<status status="PASS" starttime="20231114 23:51:20.426" endtime="20231114 23:51:20.479"/>
</kw>
<kw name="Submit Credentials">
<kw name="Click Button" library="SeleniumLibrary">
<arg>Login</arg>
<doc>Clicks the button identified by ``locator``.</doc>
<msg timestamp="20231114 23:51:20.480" level="INFO">Clicking button 'Login'.</msg>
<status status="PASS" starttime="20231114 23:51:20.480" endtime="20231114 23:51:20.526"/>
</kw>
<status status="PASS" starttime="20231114 23:51:20.480" endtime="20231114 23:51:20.526"/>
</kw>
<kw name="Login Should Succeed">
<kw name="Main Page Should Be Open" library="resource">
<kw name="Title Should Be" library="SeleniumLibrary">
<arg>Ohtu Application main page</arg>
<doc>Verifies that the current page title equals ``title``.</doc>
<msg timestamp="20231114 23:51:20.529" level="INFO">Page title is 'Ohtu Application main page'.</msg>
<status status="PASS" starttime="20231114 23:51:20.526" endtime="20231114 23:51:20.529"/>
</kw>
<status status="PASS" starttime="20231114 23:51:20.526" endtime="20231114 23:51:20.529"/>
</kw>
<status status="PASS" starttime="20231114 23:51:20.526" endtime="20231114 23:51:20.529"/>
</kw>
<status status="PASS" starttime="20231114 23:51:20.314" endtime="20231114 23:51:20.529"/>
</test>
<test id="s1-s2-t2" name="Login With Incorrect Password" line="14">
<kw name="Create User And Go To Login Page" type="SETUP">
<kw name="Create User" library="AppLibrary">
<arg>kalle</arg>
<arg>kalle123</arg>
<status status="PASS" starttime="20231114 23:51:20.530" endtime="20231114 23:51:20.535"/>
</kw>
<kw name="Go To Login Page" library="resource">
<kw name="Go To" library="SeleniumLibrary">
<arg>${LOGIN_URL}</arg>
<doc>Navigates the current browser window to the provided ``url``.</doc>
<msg timestamp="20231114 23:51:20.535" level="INFO">Opening url 'http://localhost:5001/login'</msg>
<status status="PASS" starttime="20231114 23:51:20.535" endtime="20231114 23:51:20.550"/>
</kw>
<status status="PASS" starttime="20231114 23:51:20.535" endtime="20231114 23:51:20.550"/>
</kw>
<kw name="Login Page Should Be Open" library="resource">
<kw name="Title Should Be" library="SeleniumLibrary">
<arg>Login</arg>
<doc>Verifies that the current page title equals ``title``.</doc>
<msg timestamp="20231114 23:51:20.555" level="INFO">Page title is 'Login'.</msg>
<status status="PASS" starttime="20231114 23:51:20.551" endtime="20231114 23:51:20.555"/>
</kw>
<status status="PASS" starttime="20231114 23:51:20.550" endtime="20231114 23:51:20.555"/>
</kw>
<status status="PASS" starttime="20231114 23:51:20.530" endtime="20231114 23:51:20.555"/>
</kw>
<kw name="Set Username">
<arg>kalle</arg>
<kw name="Input Text" library="SeleniumLibrary">
<arg>username</arg>
<arg>${username}</arg>
<doc>Types the given ``text`` into the text field identified by ``locator``.</doc>
<msg timestamp="20231114 23:51:20.556" level="INFO">Typing text 'kalle' into text field 'username'.</msg>
<status status="PASS" starttime="20231114 23:51:20.555" endtime="20231114 23:51:20.601"/>
</kw>
<status status="PASS" starttime="20231114 23:51:20.555" endtime="20231114 23:51:20.601"/>
</kw>
<kw name="Set Password">
<arg>kalle456</arg>
<kw name="Input Password" library="SeleniumLibrary">
<arg>password</arg>
<arg>${password}</arg>
<doc>Types the given password into the text field identified by ``locator``.</doc>
<msg timestamp="20231114 23:51:20.601" level="INFO">Typing password into text field 'password'.</msg>
<msg timestamp="20231114 23:51:20.619" level="INFO">Temporally setting log level to: NONE</msg>
<msg timestamp="20231114 23:51:20.648" level="INFO">Log level changed from NONE to INFO.</msg>
<status status="PASS" starttime="20231114 23:51:20.601" endtime="20231114 23:51:20.648"/>
</kw>
<status status="PASS" starttime="20231114 23:51:20.601" endtime="20231114 23:51:20.649"/>
</kw>
<kw name="Submit Credentials">
<kw name="Click Button" library="SeleniumLibrary">
<arg>Login</arg>
<doc>Clicks the button identified by ``locator``.</doc>
<msg timestamp="20231114 23:51:20.649" level="INFO">Clicking button 'Login'.</msg>
<status status="PASS" starttime="20231114 23:51:20.649" endtime="20231114 23:51:20.693"/>
</kw>
<status status="PASS" starttime="20231114 23:51:20.649" endtime="20231114 23:51:20.693"/>
</kw>
<kw name="Login Should Fail With Message">
<arg>Invalid username or password</arg>
<kw name="Login Page Should Be Open" library="resource">
<kw name="Title Should Be" library="SeleniumLibrary">
<arg>Login</arg>
<doc>Verifies that the current page title equals ``title``.</doc>
<msg timestamp="20231114 23:51:20.696" level="INFO">Page title is 'Login'.</msg>
<status status="PASS" starttime="20231114 23:51:20.694" endtime="20231114 23:51:20.696"/>
</kw>
<status status="PASS" starttime="20231114 23:51:20.694" endtime="20231114 23:51:20.696"/>
</kw>
<kw name="Page Should Contain" library="SeleniumLibrary">
<arg>${message}</arg>
<doc>Verifies that current page contains ``text``.</doc>
<msg timestamp="20231114 23:51:20.706" level="INFO">Current page contains text 'Invalid username or password'.</msg>
<status status="PASS" starttime="20231114 23:51:20.696" endtime="20231114 23:51:20.706"/>
</kw>
<status status="PASS" starttime="20231114 23:51:20.693" endtime="20231114 23:51:20.706"/>
</kw>
<status status="PASS" starttime="20231114 23:51:20.529" endtime="20231114 23:51:20.706"/>
</test>
<test id="s1-s2-t3" name="Login With Nonexistent Username" line="20">
<kw name="Create User And Go To Login Page" type="SETUP">
<kw name="Create User" library="AppLibrary">
<arg>kalle</arg>
<arg>kalle123</arg>
<status status="PASS" starttime="20231114 23:51:20.707" endtime="20231114 23:51:20.712"/>
</kw>
<kw name="Go To Login Page" library="resource">
<kw name="Go To" library="SeleniumLibrary">
<arg>${LOGIN_URL}</arg>
<doc>Navigates the current browser window to the provided ``url``.</doc>
<msg timestamp="20231114 23:51:20.714" level="INFO">Opening url 'http://localhost:5001/login'</msg>
<status status="PASS" starttime="20231114 23:51:20.712" endtime="20231114 23:51:20.722"/>
</kw>
<status status="PASS" starttime="20231114 23:51:20.712" endtime="20231114 23:51:20.722"/>
</kw>
<kw name="Login Page Should Be Open" library="resource">
<kw name="Title Should Be" library="SeleniumLibrary">
<arg>Login</arg>
<doc>Verifies that the current page title equals ``title``.</doc>
<msg timestamp="20231114 23:51:20.725" level="INFO">Page title is 'Login'.</msg>
<status status="PASS" starttime="20231114 23:51:20.723" endtime="20231114 23:51:20.725"/>
</kw>
<status status="PASS" starttime="20231114 23:51:20.723" endtime="20231114 23:51:20.725"/>
</kw>
<status status="PASS" starttime="20231114 23:51:20.707" endtime="20231114 23:51:20.725"/>
</kw>
<kw name="Set Username">
<arg>kalle1</arg>
<kw name="Input Text" library="SeleniumLibrary">
<arg>username</arg>
<arg>${username}</arg>
<doc>Types the given ``text`` into the text field identified by ``locator``.</doc>
<msg timestamp="20231114 23:51:20.726" level="INFO">Typing text 'kalle1' into text field 'username'.</msg>
<status status="PASS" starttime="20231114 23:51:20.725" endtime="20231114 23:51:20.769"/>
</kw>
<status status="PASS" starttime="20231114 23:51:20.725" endtime="20231114 23:51:20.769"/>
</kw>
<kw name="Set Password">
<arg>kalle 123</arg>
<kw name="Input Password" library="SeleniumLibrary">
<arg>password</arg>
<arg>${password}</arg>
<doc>Types the given password into the text field identified by ``locator``.</doc>
<msg timestamp="20231114 23:51:20.770" level="INFO">Typing password into text field 'password'.</msg>
<msg timestamp="20231114 23:51:20.787" level="INFO">Temporally setting log level to: NONE</msg>
<msg timestamp="20231114 23:51:20.815" level="INFO">Log level changed from NONE to INFO.</msg>
<status status="PASS" starttime="20231114 23:51:20.770" endtime="20231114 23:51:20.815"/>
</kw>
<status status="PASS" starttime="20231114 23:51:20.770" endtime="20231114 23:51:20.815"/>
</kw>
<kw name="Submit Credentials">
<kw name="Click Button" library="SeleniumLibrary">
<arg>Login</arg>
<doc>Clicks the button identified by ``locator``.</doc>
<msg timestamp="20231114 23:51:20.815" level="INFO">Clicking button 'Login'.</msg>
<status status="PASS" starttime="20231114 23:51:20.815" endtime="20231114 23:51:20.854"/>
</kw>
<status status="PASS" starttime="20231114 23:51:20.815" endtime="20231114 23:51:20.854"/>
</kw>
<kw name="Login Should Fail With Message">
<arg>Invalid username or password</arg>
<kw name="Login Page Should Be Open" library="resource">
<kw name="Title Should Be" library="SeleniumLibrary">
<arg>Login</arg>
<doc>Verifies that the current page title equals ``title``.</doc>
<msg timestamp="20231114 23:51:20.858" level="INFO">Page title is 'Login'.</msg>
<status status="PASS" starttime="20231114 23:51:20.855" endtime="20231114 23:51:20.858"/>
</kw>
<status status="PASS" starttime="20231114 23:51:20.855" endtime="20231114 23:51:20.858"/>
</kw>
<kw name="Page Should Contain" library="SeleniumLibrary">
<arg>${message}</arg>
<doc>Verifies that current page contains ``text``.</doc>
<msg timestamp="20231114 23:51:20.866" level="INFO">Current page contains text 'Invalid username or password'.</msg>
<status status="PASS" starttime="20231114 23:51:20.858" endtime="20231114 23:51:20.866"/>
</kw>
<status status="PASS" starttime="20231114 23:51:20.855" endtime="20231114 23:51:20.866"/>
</kw>
<status status="PASS" starttime="20231114 23:51:20.707" endtime="20231114 23:51:20.866"/>
</test>
<kw name="Close Browser" library="SeleniumLibrary" type="TEARDOWN">
<doc>Closes the current browser.</doc>
<status status="PASS" starttime="20231114 23:51:20.867" endtime="20231114 23:51:20.922"/>
</kw>
<status status="PASS" starttime="20231114 23:51:19.659" endtime="20231114 23:51:20.922"/>
</suite>
<suite id="s1-s3" name="Register" source="/home/oskar/ohtu/viikko3/web-login/src/tests/register.robot">
<kw name="Open And Configure Browser" library="resource" type="SETUP">
<kw name="Evaluate" library="BuiltIn">
<var>${options}</var>
<arg>sys.modules['selenium.webdriver'].ChromeOptions()</arg>
<arg>sys</arg>
<doc>Evaluates the given expression in Python and returns the result.</doc>
<msg timestamp="20231114 23:51:20.926" level="INFO">${options} = &lt;selenium.webdriver.chrome.options.Options object at 0x7fbc390f0610&gt;</msg>
<status status="PASS" starttime="20231114 23:51:20.925" endtime="20231114 23:51:20.926"/>
</kw>
<kw name="Call Method" library="BuiltIn">
<arg>${options}</arg>
<arg>add_argument</arg>
<arg>--no-sandbox</arg>
<doc>Calls the named method of the given object with the provided arguments.</doc>
<status status="PASS" starttime="20231114 23:51:20.926" endtime="20231114 23:51:20.926"/>
</kw>
<kw name="Call Method" library="BuiltIn">
<arg>${options}</arg>
<arg>add_argument</arg>
<arg>--headless</arg>
<doc>Calls the named method of the given object with the provided arguments.</doc>
<status status="PASS" starttime="20231114 23:51:20.926" endtime="20231114 23:51:20.926"/>
</kw>
<kw name="Open Browser" library="SeleniumLibrary">
<arg>browser=chrome</arg>
<arg>options=${options}</arg>
<doc>Opens a new browser instance to the optional ``url``.</doc>
<msg timestamp="20231114 23:51:20.926" level="INFO">Opening browser 'chrome' to base url 'None'.</msg>
<status status="PASS" starttime="20231114 23:51:20.926" endtime="20231114 23:51:21.564"/>
</kw>
<kw name="Set Selenium Speed" library="SeleniumLibrary">
<arg>${DELAY}</arg>
<doc>Sets the delay that is waited after each Selenium command.</doc>
<status status="PASS" starttime="20231114 23:51:21.564" endtime="20231114 23:51:21.564"/>
</kw>
<status status="PASS" starttime="20231114 23:51:20.925" endtime="20231114 23:51:21.564"/>
</kw>
<test id="s1-s3-t1" name="Register With Valid Username And Password" line="8">
<kw name="Go to Register Page" library="resource" type="SETUP">
<kw name="Go To" library="SeleniumLibrary">
<arg>${REGISTER_URL}</arg>
<doc>Navigates the current browser window to the provided ``url``.</doc>
<msg timestamp="20231114 23:51:21.565" level="INFO">Opening url 'http://localhost:5001/register'</msg>
<status status="PASS" starttime="20231114 23:51:21.565" endtime="20231114 23:51:21.600"/>
</kw>
<status status="PASS" starttime="20231114 23:51:21.564" endtime="20231114 23:51:21.600"/>
</kw>
<kw name="Set Username">
<arg>testi</arg>
<kw name="Input Text" library="SeleniumLibrary">
<arg>username</arg>
<arg>${username}</arg>
<doc>Types the given ``text`` into the text field identified by ``locator``.</doc>
<msg timestamp="20231114 23:51:21.601" level="INFO">Typing text 'testi' into text field 'username'.</msg>
<status status="PASS" starttime="20231114 23:51:21.600" endtime="20231114 23:51:21.666"/>
</kw>
<status status="PASS" starttime="20231114 23:51:21.600" endtime="20231114 23:51:21.666"/>
</kw>
<kw name="Set Password">
<arg>salasana1</arg>
<kw name="Input Password" library="SeleniumLibrary">
<arg>password</arg>
<arg>${password}</arg>
<doc>Types the given password into the text field identified by ``locator``.</doc>
<msg timestamp="20231114 23:51:21.667" level="INFO">Typing password into text field 'password'.</msg>
<msg timestamp="20231114 23:51:21.690" level="INFO">Temporally setting log level to: NONE</msg>
<msg timestamp="20231114 23:51:21.725" level="INFO">Log level changed from NONE to INFO.</msg>
<status status="PASS" starttime="20231114 23:51:21.667" endtime="20231114 23:51:21.725"/>
</kw>
<status status="PASS" starttime="20231114 23:51:21.667" endtime="20231114 23:51:21.725"/>
</kw>
<kw name="Set Password Confirmation">
<arg>salasana1</arg>
<kw name="Input Password" library="SeleniumLibrary">
<arg>password_confirmation</arg>
<arg>${password}</arg>
<doc>Types the given password into the text field identified by ``locator``.</doc>
<msg timestamp="20231114 23:51:21.726" level="INFO">Typing password into text field 'password_confirmation'.</msg>
<msg timestamp="20231114 23:51:21.753" level="INFO">Temporally setting log level to: NONE</msg>
<msg timestamp="20231114 23:51:21.781" level="INFO">Log level changed from NONE to INFO.</msg>
<status status="PASS" starttime="20231114 23:51:21.725" endtime="20231114 23:51:21.781"/>
</kw>
<status status="PASS" starttime="20231114 23:51:21.725" endtime="20231114 23:51:21.781"/>
</kw>
<kw name="Submit Credentials">
<kw name="Click Button" library="SeleniumLibrary">
<arg>Register</arg>
<doc>Clicks the button identified by ``locator``.</doc>
<msg timestamp="20231114 23:51:21.782" level="INFO">Clicking button 'Register'.</msg>
<status status="PASS" starttime="20231114 23:51:21.782" endtime="20231114 23:51:21.830"/>
</kw>
<status status="PASS" starttime="20231114 23:51:21.782" endtime="20231114 23:51:21.830"/>
</kw>
<kw name="Register Should Succeed">
<kw name="Welcome Page Should Be Open" library="resource">
<kw name="Title Should Be" library="SeleniumLibrary">
<arg>Welcome to Ohtu Application!</arg>
<doc>Verifies that the current page title equals ``title``.</doc>
<msg timestamp="20231114 23:51:21.834" level="INFO">Page title is 'Welcome to Ohtu Application!'.</msg>
<status status="PASS" starttime="20231114 23:51:21.831" endtime="20231114 23:51:21.834"/>
</kw>
<status status="PASS" starttime="20231114 23:51:21.830" endtime="20231114 23:51:21.834"/>
</kw>
<status status="PASS" starttime="20231114 23:51:21.830" endtime="20231114 23:51:21.834"/>
</kw>
<status status="PASS" starttime="20231114 23:51:21.564" endtime="20231114 23:51:21.834"/>
</test>
<test id="s1-s3-t2" name="Register With Too Short Username And Valid Password" line="15">
<kw name="Go to Register Page" library="resource" type="SETUP">
<kw name="Go To" library="SeleniumLibrary">
<arg>${REGISTER_URL}</arg>
<doc>Navigates the current browser window to the provided ``url``.</doc>
<msg timestamp="20231114 23:51:21.835" level="INFO">Opening url 'http://localhost:5001/register'</msg>
<status status="PASS" starttime="20231114 23:51:21.834" endtime="20231114 23:51:21.844"/>
</kw>
<status status="PASS" starttime="20231114 23:51:21.834" endtime="20231114 23:51:21.845"/>
</kw>
<kw name="Set Username">
<arg>te</arg>
<kw name="Input Text" library="SeleniumLibrary">
<arg>username</arg>
<arg>${username}</arg>
<doc>Types the given ``text`` into the text field identified by ``locator``.</doc>
<msg timestamp="20231114 23:51:21.845" level="INFO">Typing text 'te' into text field 'username'.</msg>
<status status="PASS" starttime="20231114 23:51:21.845" endtime="20231114 23:51:21.890"/>
</kw>
<status status="PASS" starttime="20231114 23:51:21.845" endtime="20231114 23:51:21.890"/>
</kw>
<kw name="Set Password">
<arg>salasana1</arg>
<kw name="Input Password" library="SeleniumLibrary">
<arg>password</arg>
<arg>${password}</arg>
<doc>Types the given password into the text field identified by ``locator``.</doc>
<msg timestamp="20231114 23:51:21.891" level="INFO">Typing password into text field 'password'.</msg>
<msg timestamp="20231114 23:51:21.911" level="INFO">Temporally setting log level to: NONE</msg>
<msg timestamp="20231114 23:51:21.938" level="INFO">Log level changed from NONE to INFO.</msg>
<status status="PASS" starttime="20231114 23:51:21.891" endtime="20231114 23:51:21.939"/>
</kw>
<status status="PASS" starttime="20231114 23:51:21.890" endtime="20231114 23:51:21.939"/>
</kw>
<kw name="Set Password Confirmation">
<arg>salasana1</arg>
<kw name="Input Password" library="SeleniumLibrary">
<arg>password_confirmation</arg>
<arg>${password}</arg>
<doc>Types the given password into the text field identified by ``locator``.</doc>
<msg timestamp="20231114 23:51:21.939" level="INFO">Typing password into text field 'password_confirmation'.</msg>
<msg timestamp="20231114 23:51:21.960" level="INFO">Temporally setting log level to: NONE</msg>
<msg timestamp="20231114 23:51:21.990" level="INFO">Log level changed from NONE to INFO.</msg>
<status status="PASS" starttime="20231114 23:51:21.939" endtime="20231114 23:51:21.990"/>
</kw>
<status status="PASS" starttime="20231114 23:51:21.939" endtime="20231114 23:51:21.990"/>
</kw>
<kw name="Submit Credentials">
<kw name="Click Button" library="SeleniumLibrary">
<arg>Register</arg>
<doc>Clicks the button identified by ``locator``.</doc>
<msg timestamp="20231114 23:51:21.991" level="INFO">Clicking button 'Register'.</msg>
<status status="PASS" starttime="20231114 23:51:21.990" endtime="20231114 23:51:22.028"/>
</kw>
<status status="PASS" starttime="20231114 23:51:21.990" endtime="20231114 23:51:22.028"/>
</kw>
<kw name="Register Should Fail With Message">
<arg>Username needs to be at least 3 characters long</arg>
<kw name="Register Page Should Be Open" library="resource">
<kw name="Title Should Be" library="SeleniumLibrary">
<arg>Register</arg>
<doc>Verifies that the current page title equals ``title``.</doc>
<msg timestamp="20231114 23:51:22.039" level="INFO">Page title is 'Register'.</msg>
<status status="PASS" starttime="20231114 23:51:22.028" endtime="20231114 23:51:22.039"/>
</kw>
<status status="PASS" starttime="20231114 23:51:22.028" endtime="20231114 23:51:22.039"/>
</kw>
<kw name="Page Should Contain" library="SeleniumLibrary">
<arg>${message}</arg>
<doc>Verifies that current page contains ``text``.</doc>
<msg timestamp="20231114 23:51:22.047" level="INFO">Current page contains text 'Username needs to be at least 3 characters long'.</msg>
<status status="PASS" starttime="20231114 23:51:22.039" endtime="20231114 23:51:22.047"/>
</kw>
<status status="PASS" starttime="20231114 23:51:22.028" endtime="20231114 23:51:22.047"/>
</kw>
<status status="PASS" starttime="20231114 23:51:21.834" endtime="20231114 23:51:22.047"/>
</test>
<test id="s1-s3-t3" name="Register With Valid Username And Invalid Password" line="22">
<kw name="Go to Register Page" library="resource" type="SETUP">
<kw name="Go To" library="SeleniumLibrary">
<arg>${REGISTER_URL}</arg>
<doc>Navigates the current browser window to the provided ``url``.</doc>
<msg timestamp="20231114 23:51:22.048" level="INFO">Opening url 'http://localhost:5001/register'</msg>
<status status="PASS" starttime="20231114 23:51:22.048" endtime="20231114 23:51:22.058"/>
</kw>
<status status="PASS" starttime="20231114 23:51:22.048" endtime="20231114 23:51:22.058"/>
</kw>
<kw name="Set Username">
<arg>test</arg>
<kw name="Input Text" library="SeleniumLibrary">
<arg>username</arg>
<arg>${username}</arg>
<doc>Types the given ``text`` into the text field identified by ``locator``.</doc>
<msg timestamp="20231114 23:51:22.059" level="INFO">Typing text 'test' into text field 'username'.</msg>
<status status="PASS" starttime="20231114 23:51:22.058" endtime="20231114 23:51:22.105"/>
</kw>
<status status="PASS" starttime="20231114 23:51:22.058" endtime="20231114 23:51:22.105"/>
</kw>
<kw name="Set Password">
<arg>salasana</arg>
<kw name="Input Password" library="SeleniumLibrary">
<arg>password</arg>
<arg>${password}</arg>
<doc>Types the given password into the text field identified by ``locator``.</doc>
<msg timestamp="20231114 23:51:22.106" level="INFO">Typing password into text field 'password'.</msg>
<msg timestamp="20231114 23:51:22.125" level="INFO">Temporally setting log level to: NONE</msg>
<msg timestamp="20231114 23:51:22.150" level="INFO">Log level changed from NONE to INFO.</msg>
<status status="PASS" starttime="20231114 23:51:22.105" endtime="20231114 23:51:22.150"/>
</kw>
<status status="PASS" starttime="20231114 23:51:22.105" endtime="20231114 23:51:22.150"/>
</kw>
<kw name="Set Password Confirmation">
<arg>salasana</arg>
<kw name="Input Password" library="SeleniumLibrary">
<arg>password_confirmation</arg>
<arg>${password}</arg>
<doc>Types the given password into the text field identified by ``locator``.</doc>
<msg timestamp="20231114 23:51:22.151" level="INFO">Typing password into text field 'password_confirmation'.</msg>
<msg timestamp="20231114 23:51:22.169" level="INFO">Temporally setting log level to: NONE</msg>
<msg timestamp="20231114 23:51:22.193" level="INFO">Log level changed from NONE to INFO.</msg>
<status status="PASS" starttime="20231114 23:51:22.151" endtime="20231114 23:51:22.193"/>
</kw>
<status status="PASS" starttime="20231114 23:51:22.150" endtime="20231114 23:51:22.193"/>
</kw>
<kw name="Submit Credentials">
<kw name="Click Button" library="SeleniumLibrary">
<arg>Register</arg>
<doc>Clicks the button identified by ``locator``.</doc>
<msg timestamp="20231114 23:51:22.194" level="INFO">Clicking button 'Register'.</msg>
<status status="PASS" starttime="20231114 23:51:22.194" endtime="20231114 23:51:22.234"/>
</kw>
<status status="PASS" starttime="20231114 23:51:22.193" endtime="20231114 23:51:22.234"/>
</kw>
<kw name="Register Should Fail With Message">
<arg>Password can not be only letters</arg>
<kw name="Register Page Should Be Open" library="resource">
<kw name="Title Should Be" library="SeleniumLibrary">
<arg>Register</arg>
<doc>Verifies that the current page title equals ``title``.</doc>
<msg timestamp="20231114 23:51:22.238" level="INFO">Page title is 'Register'.</msg>
<status status="PASS" starttime="20231114 23:51:22.235" endtime="20231114 23:51:22.243"/>
</kw>
<status status="PASS" starttime="20231114 23:51:22.235" endtime="20231114 23:51:22.244"/>
</kw>
<kw name="Page Should Contain" library="SeleniumLibrary">
<arg>${message}</arg>
<doc>Verifies that current page contains ``text``.</doc>
<msg timestamp="20231114 23:51:22.252" level="INFO">Current page contains text 'Password can not be only letters'.</msg>
<status status="PASS" starttime="20231114 23:51:22.244" endtime="20231114 23:51:22.252"/>
</kw>
<status status="PASS" starttime="20231114 23:51:22.234" endtime="20231114 23:51:22.253"/>
</kw>
<kw name="Set Username">
<arg>test</arg>
<kw name="Input Text" library="SeleniumLibrary">
<arg>username</arg>
<arg>${username}</arg>
<doc>Types the given ``text`` into the text field identified by ``locator``.</doc>
<msg timestamp="20231114 23:51:22.255" level="INFO">Typing text 'test' into text field 'username'.</msg>
<status status="PASS" starttime="20231114 23:51:22.254" endtime="20231114 23:51:22.302"/>
</kw>
<status status="PASS" starttime="20231114 23:51:22.254" endtime="20231114 23:51:22.302"/>
</kw>
<kw name="Set Password">
<arg>salasan</arg>
<kw name="Input Password" library="SeleniumLibrary">
<arg>password</arg>
<arg>${password}</arg>
<doc>Types the given password into the text field identified by ``locator``.</doc>
<msg timestamp="20231114 23:51:22.303" level="INFO">Typing password into text field 'password'.</msg>
<msg timestamp="20231114 23:51:22.323" level="INFO">Temporally setting log level to: NONE</msg>
<msg timestamp="20231114 23:51:22.346" level="INFO">Log level changed from NONE to INFO.</msg>
<status status="PASS" starttime="20231114 23:51:22.302" endtime="20231114 23:51:22.346"/>
</kw>
<status status="PASS" starttime="20231114 23:51:22.302" endtime="20231114 23:51:22.346"/>
</kw>
<kw name="Set Password Confirmation">
<arg>salasan</arg>
<kw name="Input Password" library="SeleniumLibrary">
<arg>password_confirmation</arg>
<arg>${password}</arg>
<doc>Types the given password into the text field identified by ``locator``.</doc>
<msg timestamp="20231114 23:51:22.347" level="INFO">Typing password into text field 'password_confirmation'.</msg>
<msg timestamp="20231114 23:51:22.367" level="INFO">Temporally setting log level to: NONE</msg>
<msg timestamp="20231114 23:51:22.394" level="INFO">Log level changed from NONE to INFO.</msg>
<status status="PASS" starttime="20231114 23:51:22.347" endtime="20231114 23:51:22.394"/>
</kw>
<status status="PASS" starttime="20231114 23:51:22.346" endtime="20231114 23:51:22.394"/>
</kw>
<kw name="Submit Credentials">
<kw name="Click Button" library="SeleniumLibrary">
<arg>Register</arg>
<doc>Clicks the button identified by ``locator``.</doc>
<msg timestamp="20231114 23:51:22.395" level="INFO">Clicking button 'Register'.</msg>
<status status="PASS" starttime="20231114 23:51:22.395" endtime="20231114 23:51:22.435"/>
</kw>
<status status="PASS" starttime="20231114 23:51:22.395" endtime="20231114 23:51:22.435"/>
</kw>
<kw name="Register Should Fail With Message">
<arg>Password needs to be at least 8 characters long</arg>
<kw name="Register Page Should Be Open" library="resource">
<kw name="Title Should Be" library="SeleniumLibrary">
<arg>Register</arg>
<doc>Verifies that the current page title equals ``title``.</doc>
<msg timestamp="20231114 23:51:22.439" level="INFO">Page title is 'Register'.</msg>
<status status="PASS" starttime="20231114 23:51:22.435" endtime="20231114 23:51:22.439"/>
</kw>
<status status="PASS" starttime="20231114 23:51:22.435" endtime="20231114 23:51:22.439"/>
</kw>
<kw name="Page Should Contain" library="SeleniumLibrary">
<arg>${message}</arg>
<doc>Verifies that current page contains ``text``.</doc>
<msg timestamp="20231114 23:51:22.446" level="INFO">Current page contains text 'Password needs to be at least 8 characters long'.</msg>
<status status="PASS" starttime="20231114 23:51:22.439" endtime="20231114 23:51:22.446"/>
</kw>
<status status="PASS" starttime="20231114 23:51:22.435" endtime="20231114 23:51:22.446"/>
</kw>
<status status="PASS" starttime="20231114 23:51:22.047" endtime="20231114 23:51:22.447"/>
</test>
<test id="s1-s3-t4" name="Register With Nonmatching Password And Password Confirmation" line="34">
<kw name="Go to Register Page" library="resource" type="SETUP">
<kw name="Go To" library="SeleniumLibrary">
<arg>${REGISTER_URL}</arg>
<doc>Navigates the current browser window to the provided ``url``.</doc>
<msg timestamp="20231114 23:51:22.448" level="INFO">Opening url 'http://localhost:5001/register'</msg>
<status status="PASS" starttime="20231114 23:51:22.447" endtime="20231114 23:51:22.457"/>
</kw>
<status status="PASS" starttime="20231114 23:51:22.447" endtime="20231114 23:51:22.457"/>
</kw>
<kw name="Set Username">
<arg>testing</arg>
<kw name="Input Text" library="SeleniumLibrary">
<arg>username</arg>
<arg>${username}</arg>
<doc>Types the given ``text`` into the text field identified by ``locator``.</doc>
<msg timestamp="20231114 23:51:22.458" level="INFO">Typing text 'testing' into text field 'username'.</msg>
<status status="PASS" starttime="20231114 23:51:22.457" endtime="20231114 23:51:22.507"/>
</kw>
<status status="PASS" starttime="20231114 23:51:22.457" endtime="20231114 23:51:22.507"/>
</kw>
<kw name="Set Password">
<arg>salasana1</arg>
<kw name="Input Password" library="SeleniumLibrary">
<arg>password</arg>
<arg>${password}</arg>
<doc>Types the given password into the text field identified by ``locator``.</doc>
<msg timestamp="20231114 23:51:22.508" level="INFO">Typing password into text field 'password'.</msg>
<msg timestamp="20231114 23:51:22.525" level="INFO">Temporally setting log level to: NONE</msg>
<msg timestamp="20231114 23:51:22.556" level="INFO">Log level changed from NONE to INFO.</msg>
<status status="PASS" starttime="20231114 23:51:22.508" endtime="20231114 23:51:22.556"/>
</kw>
<status status="PASS" starttime="20231114 23:51:22.508" endtime="20231114 23:51:22.556"/>
</kw>
<kw name="Set Password Confirmation">
<arg>salasana12</arg>
<kw name="Input Password" library="SeleniumLibrary">
<arg>password_confirmation</arg>
<arg>${password}</arg>
<doc>Types the given password into the text field identified by ``locator``.</doc>
<msg timestamp="20231114 23:51:22.557" level="INFO">Typing password into text field 'password_confirmation'.</msg>
<msg timestamp="20231114 23:51:22.578" level="INFO">Temporally setting log level to: NONE</msg>
<msg timestamp="20231114 23:51:22.609" level="INFO">Log level changed from NONE to INFO.</msg>
<status status="PASS" starttime="20231114 23:51:22.557" endtime="20231114 23:51:22.609"/>
</kw>
<status status="PASS" starttime="20231114 23:51:22.556" endtime="20231114 23:51:22.609"/>
</kw>
<kw name="Submit Credentials">
<kw name="Click Button" library="SeleniumLibrary">
<arg>Register</arg>
<doc>Clicks the button identified by ``locator``.</doc>
<msg timestamp="20231114 23:51:22.609" level="INFO">Clicking button 'Register'.</msg>
<status status="PASS" starttime="20231114 23:51:22.609" endtime="20231114 23:51:22.646"/>
</kw>
<status status="PASS" starttime="20231114 23:51:22.609" endtime="20231114 23:51:22.646"/>
</kw>
<kw name="Register Should Fail With Message">
<arg>The passwords are different</arg>
<kw name="Register Page Should Be Open" library="resource">
<kw name="Title Should Be" library="SeleniumLibrary">
<arg>Register</arg>
<doc>Verifies that the current page title equals ``title``.</doc>
<msg timestamp="20231114 23:51:22.655" level="INFO">Page title is 'Register'.</msg>
<status status="PASS" starttime="20231114 23:51:22.647" endtime="20231114 23:51:22.655"/>
</kw>
<status status="PASS" starttime="20231114 23:51:22.647" endtime="20231114 23:51:22.656"/>
</kw>
<kw name="Page Should Contain" library="SeleniumLibrary">
<arg>${message}</arg>
<doc>Verifies that current page contains ``text``.</doc>
<msg timestamp="20231114 23:51:22.663" level="INFO">Current page contains text 'The passwords are different'.</msg>
<status status="PASS" starttime="20231114 23:51:22.656" endtime="20231114 23:51:22.664"/>
</kw>
<status status="PASS" starttime="20231114 23:51:22.647" endtime="20231114 23:51:22.664"/>
</kw>
<status status="PASS" starttime="20231114 23:51:22.447" endtime="20231114 23:51:22.664"/>
</test>
<test id="s1-s3-t5" name="Login After Successful Registration" line="41">
<kw name="Go to Register Page" library="resource" type="SETUP">
<kw name="Go To" library="SeleniumLibrary">
<arg>${REGISTER_URL}</arg>
<doc>Navigates the current browser window to the provided ``url``.</doc>
<msg timestamp="20231114 23:51:22.665" level="INFO">Opening url 'http://localhost:5001/register'</msg>
<status status="PASS" starttime="20231114 23:51:22.665" endtime="20231114 23:51:22.674"/>
</kw>
<status status="PASS" starttime="20231114 23:51:22.665" endtime="20231114 23:51:22.674"/>
</kw>
<kw name="Set Username">
<arg>testtest</arg>
<kw name="Input Text" library="SeleniumLibrary">
<arg>username</arg>
<arg>${username}</arg>
<doc>Types the given ``text`` into the text field identified by ``locator``.</doc>
<msg timestamp="20231114 23:51:22.675" level="INFO">Typing text 'testtest' into text field 'username'.</msg>
<status status="PASS" starttime="20231114 23:51:22.675" endtime="20231114 23:51:22.726"/>
</kw>
<status status="PASS" starttime="20231114 23:51:22.675" endtime="20231114 23:51:22.726"/>
</kw>
<kw name="Set Password">
<arg>salasana1</arg>
<kw name="Input Password" library="SeleniumLibrary">
<arg>password</arg>
<arg>${password}</arg>
<doc>Types the given password into the text field identified by ``locator``.</doc>
<msg timestamp="20231114 23:51:22.727" level="INFO">Typing password into text field 'password'.</msg>
<msg timestamp="20231114 23:51:22.748" level="INFO">Temporally setting log level to: NONE</msg>
<msg timestamp="20231114 23:51:22.774" level="INFO">Log level changed from NONE to INFO.</msg>
<status status="PASS" starttime="20231114 23:51:22.726" endtime="20231114 23:51:22.774"/>
</kw>
<status status="PASS" starttime="20231114 23:51:22.726" endtime="20231114 23:51:22.774"/>
</kw>
<kw name="Set Password Confirmation">
<arg>salasana1</arg>
<kw name="Input Password" library="SeleniumLibrary">
<arg>password_confirmation</arg>
<arg>${password}</arg>
<doc>Types the given password into the text field identified by ``locator``.</doc>
<msg timestamp="20231114 23:51:22.774" level="INFO">Typing password into text field 'password_confirmation'.</msg>
<msg timestamp="20231114 23:51:22.795" level="INFO">Temporally setting log level to: NONE</msg>
<msg timestamp="20231114 23:51:22.821" level="INFO">Log level changed from NONE to INFO.</msg>
<status status="PASS" starttime="20231114 23:51:22.774" endtime="20231114 23:51:22.821"/>
</kw>
<status status="PASS" starttime="20231114 23:51:22.774" endtime="20231114 23:51:22.821"/>
</kw>
<kw name="Submit Credentials">
<kw name="Click Button" library="SeleniumLibrary">
<arg>Register</arg>
<doc>Clicks the button identified by ``locator``.</doc>
<msg timestamp="20231114 23:51:22.822" level="INFO">Clicking button 'Register'.</msg>
<status status="PASS" starttime="20231114 23:51:22.822" endtime="20231114 23:51:22.857"/>
</kw>
<status status="PASS" starttime="20231114 23:51:22.821" endtime="20231114 23:51:22.857"/>
</kw>
<kw name="Go To Login Page" library="resource">
<kw name="Go To" library="SeleniumLibrary">
<arg>${LOGIN_URL}</arg>
<doc>Navigates the current browser window to the provided ``url``.</doc>
<msg timestamp="20231114 23:51:22.857" level="INFO">Opening url 'http://localhost:5001/login'</msg>
<status status="PASS" starttime="20231114 23:51:22.857" endtime="20231114 23:51:22.869"/>
</kw>
<status status="PASS" starttime="20231114 23:51:22.857" endtime="20231114 23:51:22.869"/>
</kw>
<kw name="Set Username">
<arg>testtest</arg>
<kw name="Input Text" library="SeleniumLibrary">
<arg>username</arg>
<arg>${username}</arg>
<doc>Types the given ``text`` into the text field identified by ``locator``.</doc>
<msg timestamp="20231114 23:51:22.870" level="INFO">Typing text 'testtest' into text field 'username'.</msg>
<status status="PASS" starttime="20231114 23:51:22.869" endtime="20231114 23:51:22.912"/>
</kw>
<status status="PASS" starttime="20231114 23:51:22.869" endtime="20231114 23:51:22.912"/>
</kw>
<kw name="Set Password">
<arg>salasana1</arg>
<kw name="Input Password" library="SeleniumLibrary">
<arg>password</arg>
<arg>${password}</arg>
<doc>Types the given password into the text field identified by ``locator``.</doc>
<msg timestamp="20231114 23:51:22.913" level="INFO">Typing password into text field 'password'.</msg>
<msg timestamp="20231114 23:51:22.933" level="INFO">Temporally setting log level to: NONE</msg>
<msg timestamp="20231114 23:51:22.959" level="INFO">Log level changed from NONE to INFO.</msg>
<status status="PASS" starttime="20231114 23:51:22.912" endtime="20231114 23:51:22.959"/>
</kw>
<status status="PASS" starttime="20231114 23:51:22.912" endtime="20231114 23:51:22.959"/>
</kw>
<kw name="Submit Credentials Login">
<kw name="Click Button" library="SeleniumLibrary">
<arg>Login</arg>
<doc>Clicks the button identified by ``locator``.</doc>
<msg timestamp="20231114 23:51:22.960" level="INFO">Clicking button 'Login'.</msg>
<status status="PASS" starttime="20231114 23:51:22.960" endtime="20231114 23:51:23.002"/>
</kw>
<status status="PASS" starttime="20231114 23:51:22.960" endtime="20231114 23:51:23.002"/>
</kw>
<kw name="Login Should Succeed">
<kw name="Main Page Should Be Open" library="resource">
<kw name="Title Should Be" library="SeleniumLibrary">
<arg>Ohtu Application main page</arg>
<doc>Verifies that the current page title equals ``title``.</doc>
<msg timestamp="20231114 23:51:23.008" level="INFO">Page title is 'Ohtu Application main page'.</msg>
<status status="PASS" starttime="20231114 23:51:23.003" endtime="20231114 23:51:23.008"/>
</kw>
<status status="PASS" starttime="20231114 23:51:23.002" endtime="20231114 23:51:23.008"/>
</kw>
<status status="PASS" starttime="20231114 23:51:23.002" endtime="20231114 23:51:23.008"/>
</kw>
<status status="PASS" starttime="20231114 23:51:22.664" endtime="20231114 23:51:23.008"/>
</test>
<test id="s1-s3-t6" name="Login After Failed Registration" line="52">
<kw name="Go to Register Page" library="resource" type="SETUP">
<kw name="Go To" library="SeleniumLibrary">
<arg>${REGISTER_URL}</arg>
<doc>Navigates the current browser window to the provided ``url``.</doc>
<msg timestamp="20231114 23:51:23.009" level="INFO">Opening url 'http://localhost:5001/register'</msg>
<status status="PASS" starttime="20231114 23:51:23.009" endtime="20231114 23:51:23.018"/>
</kw>
<status status="PASS" starttime="20231114 23:51:23.009" endtime="20231114 23:51:23.018"/>
</kw>
<kw name="Set Username">
<arg>testingtest</arg>
<kw name="Input Text" library="SeleniumLibrary">
<arg>username</arg>
<arg>${username}</arg>
<doc>Types the given ``text`` into the text field identified by ``locator``.</doc>
<msg timestamp="20231114 23:51:23.019" level="INFO">Typing text 'testingtest' into text field 'username'.</msg>
<status status="PASS" starttime="20231114 23:51:23.018" endtime="20231114 23:51:23.074"/>
</kw>
<status status="PASS" starttime="20231114 23:51:23.018" endtime="20231114 23:51:23.074"/>
</kw>
<kw name="Set Password">
<arg>salasana</arg>
<kw name="Input Password" library="SeleniumLibrary">
<arg>password</arg>
<arg>${password}</arg>
<doc>Types the given password into the text field identified by ``locator``.</doc>
<msg timestamp="20231114 23:51:23.075" level="INFO">Typing password into text field 'password'.</msg>
<msg timestamp="20231114 23:51:23.096" level="INFO">Temporally setting log level to: NONE</msg>
<msg timestamp="20231114 23:51:23.123" level="INFO">Log level changed from NONE to INFO.</msg>
<status status="PASS" starttime="20231114 23:51:23.074" endtime="20231114 23:51:23.123"/>
</kw>
<status status="PASS" starttime="20231114 23:51:23.074" endtime="20231114 23:51:23.123"/>
</kw>
<kw name="Set Password Confirmation">
<arg>salasana</arg>
<kw name="Input Password" library="SeleniumLibrary">
<arg>password_confirmation</arg>
<arg>${password}</arg>
<doc>Types the given password into the text field identified by ``locator``.</doc>
<msg timestamp="20231114 23:51:23.124" level="INFO">Typing password into text field 'password_confirmation'.</msg>
<msg timestamp="20231114 23:51:23.144" level="INFO">Temporally setting log level to: NONE</msg>
<msg timestamp="20231114 23:51:23.172" level="INFO">Log level changed from NONE to INFO.</msg>
<status status="PASS" starttime="20231114 23:51:23.123" endtime="20231114 23:51:23.172"/>
</kw>
<status status="PASS" starttime="20231114 23:51:23.123" endtime="20231114 23:51:23.172"/>
</kw>
<kw name="Submit Credentials">
<kw name="Click Button" library="SeleniumLibrary">
<arg>Register</arg>
<doc>Clicks the button identified by ``locator``.</doc>
<msg timestamp="20231114 23:51:23.172" level="INFO">Clicking button 'Register'.</msg>
<status status="PASS" starttime="20231114 23:51:23.172" endtime="20231114 23:51:23.212"/>
</kw>
<status status="PASS" starttime="20231114 23:51:23.172" endtime="20231114 23:51:23.212"/>
</kw>
<kw name="Go To Login Page" library="resource">
<kw name="Go To" library="SeleniumLibrary">
<arg>${LOGIN_URL}</arg>
<doc>Navigates the current browser window to the provided ``url``.</doc>
<msg timestamp="20231114 23:51:23.213" level="INFO">Opening url 'http://localhost:5001/login'</msg>
<status status="PASS" starttime="20231114 23:51:23.213" endtime="20231114 23:51:23.221"/>
</kw>
<status status="PASS" starttime="20231114 23:51:23.213" endtime="20231114 23:51:23.221"/>
</kw>
<kw name="Set Username">
<arg>testingtest</arg>
<kw name="Input Text" library="SeleniumLibrary">
<arg>username</arg>
<arg>${username}</arg>
<doc>Types the given ``text`` into the text field identified by ``locator``.</doc>
<msg timestamp="20231114 23:51:23.222" level="INFO">Typing text 'testingtest' into text field 'username'.</msg>
<status status="PASS" starttime="20231114 23:51:23.222" endtime="20231114 23:51:23.272"/>
</kw>
<status status="PASS" starttime="20231114 23:51:23.221" endtime="20231114 23:51:23.272"/>
</kw>
<kw name="Set Password">
<arg>salasana</arg>
<kw name="Input Password" library="SeleniumLibrary">
<arg>password</arg>
<arg>${password}</arg>
<doc>Types the given password into the text field identified by ``locator``.</doc>
<msg timestamp="20231114 23:51:23.273" level="INFO">Typing password into text field 'password'.</msg>
<msg timestamp="20231114 23:51:23.294" level="INFO">Temporally setting log level to: NONE</msg>
<msg timestamp="20231114 23:51:23.322" level="INFO">Log level changed from NONE to INFO.</msg>
<status status="PASS" starttime="20231114 23:51:23.272" endtime="20231114 23:51:23.322"/>
</kw>
<status status="PASS" starttime="20231114 23:51:23.272" endtime="20231114 23:51:23.322"/>
</kw>
<kw name="Submit Credentials Login">
<kw name="Click Button" library="SeleniumLibrary">
<arg>Login</arg>
<doc>Clicks the button identified by ``locator``.</doc>
<msg timestamp="20231114 23:51:23.322" level="INFO">Clicking button 'Login'.</msg>
<status status="PASS" starttime="20231114 23:51:23.322" endtime="20231114 23:51:23.360"/>
</kw>
<status status="PASS" starttime="20231114 23:51:23.322" endtime="20231114 23:51:23.360"/>
</kw>
<kw name="Login Should Fail With Message">
<arg>Invalid username or password</arg>
<kw name="Login Page Should Be Open" library="resource">
<kw name="Title Should Be" library="SeleniumLibrary">
<arg>Login</arg>
<doc>Verifies that the current page title equals ``title``.</doc>
<msg timestamp="20231114 23:51:23.364" level="INFO">Page title is 'Login'.</msg>
<status status="PASS" starttime="20231114 23:51:23.361" endtime="20231114 23:51:23.364"/>
</kw>
<status status="PASS" starttime="20231114 23:51:23.360" endtime="20231114 23:51:23.364"/>
</kw>
<kw name="Page Should Contain" library="SeleniumLibrary">
<arg>${message}</arg>
<doc>Verifies that current page contains ``text``.</doc>
<msg timestamp="20231114 23:51:23.373" level="INFO">Current page contains text 'Invalid username or password'.</msg>
<status status="PASS" starttime="20231114 23:51:23.364" endtime="20231114 23:51:23.373"/>
</kw>
<status status="PASS" starttime="20231114 23:51:23.360" endtime="20231114 23:51:23.373"/>
</kw>
<status status="PASS" starttime="20231114 23:51:23.009" endtime="20231114 23:51:23.373"/>
</test>
<kw name="Close Browser" library="SeleniumLibrary" type="TEARDOWN">
<doc>Closes the current browser.</doc>
<status status="PASS" starttime="20231114 23:51:23.374" endtime="20231114 23:51:23.430"/>
</kw>
<status status="PASS" starttime="20231114 23:51:20.923" endtime="20231114 23:51:23.430"/>
</suite>
<status status="PASS" starttime="20231114 23:51:18.622" endtime="20231114 23:51:23.431"/>
</suite>
<statistics>
<total>
<stat pass="11" fail="0" skip="0">All Tests</stat>
</total>
<tag>
</tag>
<suite>
<stat pass="11" fail="0" skip="0" id="s1" name="Tests">Tests</stat>
<stat pass="2" fail="0" skip="0" id="s1-s1" name="Home">Tests.Home</stat>
<stat pass="3" fail="0" skip="0" id="s1-s2" name="Login">Tests.Login</stat>
<stat pass="6" fail="0" skip="0" id="s1-s3" name="Register">Tests.Register</stat>
</suite>
</statistics>
<errors>
</errors>
</robot>
