<?xml version="1.0" encoding="UTF-8"?>
<robot generator="Robot 6.1.1 (Python 3.10.12 on linux)" generated="20231114 22:33:42.905" rpa="false" schemaversion="4">
<suite id="s1" name="Tests" source="/home/oskar/ohtu/viikko3/login-robot/src/tests">
<suite id="s1-s1" name="Login" source="/home/oskar/ohtu/viikko3/login-robot/src/tests/login.robot">
<test id="s1-s1-t1" name="Login With Correct Credentials" line="6">
<kw name="Create User And Input Login Command" type="SETUP">
<kw name="Create User" library="AppLibrary">
<arg>kalle</arg>
<arg>kalle123</arg>
<status status="PASS" starttime="20231114 22:33:42.923" endtime="20231114 22:33:42.923"/>
</kw>
<kw name="Input Login Command" library="resource">
<kw name="Input" library="AppLibrary">
<arg>login</arg>
<status status="PASS" starttime="20231114 22:33:42.923" endtime="20231114 22:33:42.923"/>
</kw>
<status status="PASS" starttime="20231114 22:33:42.923" endtime="20231114 22:33:42.923"/>
</kw>
<status status="PASS" starttime="20231114 22:33:42.922" endtime="20231114 22:33:42.923"/>
</kw>
<kw name="Input Credentials" library="resource">
<arg>kalle</arg>
<arg>kalle123</arg>
<kw name="Input" library="AppLibrary">
<arg>${username}</arg>
<status status="PASS" starttime="20231114 22:33:42.924" endtime="20231114 22:33:42.924"/>
</kw>
<kw name="Input" library="AppLibrary">
<arg>${password}</arg>
<status status="PASS" starttime="20231114 22:33:42.924" endtime="20231114 22:33:42.924"/>
</kw>
<kw name="Run Application" library="AppLibrary">
<status status="PASS" starttime="20231114 22:33:42.924" endtime="20231114 22:33:42.924"/>
</kw>
<status status="PASS" starttime="20231114 22:33:42.923" endtime="20231114 22:33:42.924"/>
</kw>
<kw name="Output Should Contain" library="AppLibrary">
<arg>Logged in</arg>
<status status="PASS" starttime="20231114 22:33:42.924" endtime="20231114 22:33:42.924"/>
</kw>
<status status="PASS" starttime="20231114 22:33:42.922" endtime="20231114 22:33:42.925"/>
</test>
<test id="s1-s1-t2" name="Login With Incorrect Password" line="10">
<kw name="Create User And Input Login Command" type="SETUP">
<kw name="Create User" library="AppLibrary">
<arg>kalle</arg>
<arg>kalle123</arg>
<status status="PASS" starttime="20231114 22:33:42.925" endtime="20231114 22:33:42.926"/>
</kw>
<kw name="Input Login Command" library="resource">
<kw name="Input" library="AppLibrary">
<arg>login</arg>
<status status="PASS" starttime="20231114 22:33:42.926" endtime="20231114 22:33:42.926"/>
</kw>
<status status="PASS" starttime="20231114 22:33:42.926" endtime="20231114 22:33:42.926"/>
</kw>
<status status="PASS" starttime="20231114 22:33:42.925" endtime="20231114 22:33:42.926"/>
</kw>
<kw name="Input Credentials" library="resource">
<arg>kalle</arg>
<arg>kalle12</arg>
<kw name="Input" library="AppLibrary">
<arg>${username}</arg>
<status status="PASS" starttime="20231114 22:33:42.926" endtime="20231114 22:33:42.926"/>
</kw>
<kw name="Input" library="AppLibrary">
<arg>${password}</arg>
<status status="PASS" starttime="20231114 22:33:42.926" endtime="20231114 22:33:42.927"/>
</kw>
<kw name="Run Application" library="AppLibrary">
<status status="PASS" starttime="20231114 22:33:42.927" endtime="20231114 22:33:42.927"/>
</kw>
<status status="PASS" starttime="20231114 22:33:42.926" endtime="20231114 22:33:42.927"/>
</kw>
<kw name="Output Should Contain" library="AppLibrary">
<arg>Invalid username or password</arg>
<status status="PASS" starttime="20231114 22:33:42.927" endtime="20231114 22:33:42.927"/>
</kw>
<status status="PASS" starttime="20231114 22:33:42.925" endtime="20231114 22:33:42.927"/>
</test>
<test id="s1-s1-t3" name="Login With Nonexistent Username" line="14">
<kw name="Create User And Input Login Command" type="SETUP">
<kw name="Create User" library="AppLibrary">
<arg>kalle</arg>
<arg>kalle123</arg>
<status status="PASS" starttime="20231114 22:33:42.928" endtime="20231114 22:33:42.928"/>
</kw>
<kw name="Input Login Command" library="resource">
<kw name="Input" library="AppLibrary">
<arg>login</arg>
<status status="PASS" starttime="20231114 22:33:42.928" endtime="20231114 22:33:42.928"/>
</kw>
<status status="PASS" starttime="20231114 22:33:42.928" endtime="20231114 22:33:42.928"/>
</kw>
<status status="PASS" starttime="20231114 22:33:42.928" endtime="20231114 22:33:42.928"/>
</kw>
<kw name="Input Credentials" library="resource">
<arg>\</arg>
<arg>kalle123</arg>
<kw name="Input" library="AppLibrary">
<arg>${username}</arg>
<status status="PASS" starttime="20231114 22:33:42.929" endtime="20231114 22:33:42.929"/>
</kw>
<kw name="Input" library="AppLibrary">
<arg>${password}</arg>
<status status="PASS" starttime="20231114 22:33:42.929" endtime="20231114 22:33:42.929"/>
</kw>
<kw name="Run Application" library="AppLibrary">
<status status="PASS" starttime="20231114 22:33:42.929" endtime="20231114 22:33:42.929"/>
</kw>
<status status="PASS" starttime="20231114 22:33:42.928" endtime="20231114 22:33:42.929"/>
</kw>
<kw name="Output Should Contain" library="AppLibrary">
<arg>Username and password are required</arg>
<status status="PASS" starttime="20231114 22:33:42.929" endtime="20231114 22:33:42.930"/>
</kw>
<status status="PASS" starttime="20231114 22:33:42.927" endtime="20231114 22:33:42.930"/>
</test>
<status status="PASS" starttime="20231114 22:33:42.918" endtime="20231114 22:33:42.930"/>
</suite>
<suite id="s1-s2" name="Register" source="/home/oskar/ohtu/viikko3/login-robot/src/tests/register.robot">
<test id="s1-s2-t1" name="Register With Valid Username And Password" line="6">
<kw name="Create User And Input New Command" type="SETUP">
<kw name="Create User" library="AppLibrary">
<arg>testi</arg>
<arg>salasana1</arg>
<status status="PASS" starttime="20231114 22:33:42.932" endtime="20231114 22:33:42.933"/>
</kw>
<kw name="Input New Command" library="resource">
<kw name="Input" library="AppLibrary">
<arg>new</arg>
<status status="PASS" starttime="20231114 22:33:42.933" endtime="20231114 22:33:42.933"/>
</kw>
<status status="PASS" starttime="20231114 22:33:42.933" endtime="20231114 22:33:42.933"/>
</kw>
<status status="PASS" starttime="20231114 22:33:42.932" endtime="20231114 22:33:42.933"/>
</kw>
<kw name="Input Credentials" library="resource">
<arg>abc</arg>
<arg>salasana1</arg>
<kw name="Input" library="AppLibrary">
<arg>${username}</arg>
<status status="PASS" starttime="20231114 22:33:42.933" endtime="20231114 22:33:42.933"/>
</kw>
<kw name="Input" library="AppLibrary">
<arg>${password}</arg>
<status status="PASS" starttime="20231114 22:33:42.933" endtime="20231114 22:33:42.933"/>
</kw>
<kw name="Run Application" library="AppLibrary">
<status status="PASS" starttime="20231114 22:33:42.934" endtime="20231114 22:33:42.934"/>
</kw>
<status status="PASS" starttime="20231114 22:33:42.933" endtime="20231114 22:33:42.934"/>
</kw>
<kw name="Output Should Contain" library="AppLibrary">
<arg>New user registered</arg>
<status status="PASS" starttime="20231114 22:33:42.934" endtime="20231114 22:33:42.934"/>
</kw>
<status status="PASS" starttime="20231114 22:33:42.932" endtime="20231114 22:33:42.934"/>
</test>
<test id="s1-s2-t2" name="Register With Already Taken Username And Valid Password" line="10">
<kw name="Create User And Input New Command" type="SETUP">
<kw name="Create User" library="AppLibrary">
<arg>testi</arg>
<arg>salasana1</arg>
<status status="PASS" starttime="20231114 22:33:42.935" endtime="20231114 22:33:42.935"/>
</kw>
<kw name="Input New Command" library="resource">
<kw name="Input" library="AppLibrary">
<arg>new</arg>
<status status="PASS" starttime="20231114 22:33:42.935" endtime="20231114 22:33:42.935"/>
</kw>
<status status="PASS" starttime="20231114 22:33:42.935" endtime="20231114 22:33:42.935"/>
</kw>
<status status="PASS" starttime="20231114 22:33:42.935" endtime="20231114 22:33:42.935"/>
</kw>
<kw name="Input Credentials" library="resource">
<arg>testi</arg>
<arg>salasana1</arg>
<kw name="Input" library="AppLibrary">
<arg>${username}</arg>
<status status="PASS" starttime="20231114 22:33:42.935" endtime="20231114 22:33:42.936"/>
</kw>
<kw name="Input" library="AppLibrary">
<arg>${password}</arg>
<status status="PASS" starttime="20231114 22:33:42.936" endtime="20231114 22:33:42.936"/>
</kw>
<kw name="Run Application" library="AppLibrary">
<status status="PASS" starttime="20231114 22:33:42.936" endtime="20231114 22:33:42.936"/>
</kw>
<status status="PASS" starttime="20231114 22:33:42.935" endtime="20231114 22:33:42.936"/>
</kw>
<kw name="Output Should Contain" library="AppLibrary">
<arg>User with username testi already exists</arg>
<status status="PASS" starttime="20231114 22:33:42.936" endtime="20231114 22:33:42.936"/>
</kw>
<status status="PASS" starttime="20231114 22:33:42.934" endtime="20231114 22:33:42.936"/>
</test>
<test id="s1-s2-t3" name="Register With Too Short Username And Valid Password" line="14">
<kw name="Create User And Input New Command" type="SETUP">
<kw name="Create User" library="AppLibrary">
<arg>testi</arg>
<arg>salasana1</arg>
<status status="PASS" starttime="20231114 22:33:42.937" endtime="20231114 22:33:42.937"/>
</kw>
<kw name="Input New Command" library="resource">
<kw name="Input" library="AppLibrary">
<arg>new</arg>
<status status="PASS" starttime="20231114 22:33:42.937" endtime="20231114 22:33:42.937"/>
</kw>
<status status="PASS" starttime="20231114 22:33:42.937" endtime="20231114 22:33:42.937"/>
</kw>
<status status="PASS" starttime="20231114 22:33:42.937" endtime="20231114 22:33:42.938"/>
</kw>
<kw name="Input Credentials" library="resource">
<arg>ab</arg>
<arg>salasana1</arg>
<kw name="Input" library="AppLibrary">
<arg>${username}</arg>
<status status="PASS" starttime="20231114 22:33:42.938" endtime="20231114 22:33:42.938"/>
</kw>
<kw name="Input" library="AppLibrary">
<arg>${password}</arg>
<status status="PASS" starttime="20231114 22:33:42.938" endtime="20231114 22:33:42.938"/>
</kw>
<kw name="Run Application" library="AppLibrary">
<status status="PASS" starttime="20231114 22:33:42.938" endtime="20231114 22:33:42.938"/>
</kw>
<status status="PASS" starttime="20231114 22:33:42.938" endtime="20231114 22:33:42.938"/>
</kw>
<kw name="Output Should Contain" library="AppLibrary">
<arg>Username needs to be at least 3 characters long</arg>
<status status="PASS" starttime="20231114 22:33:42.938" endtime="20231114 22:33:42.938"/>
</kw>
<status status="PASS" starttime="20231114 22:33:42.937" endtime="20231114 22:33:42.939"/>
</test>
<test id="s1-s2-t4" name="Register With Enough Long But Invalid Username And Valid Password" line="18">
<kw name="Create User And Input New Command" type="SETUP">
<kw name="Create User" library="AppLibrary">
<arg>testi</arg>
<arg>salasana1</arg>
<status status="PASS" starttime="20231114 22:33:42.939" endtime="20231114 22:33:42.939"/>
</kw>
<kw name="Input New Command" library="resource">
<kw name="Input" library="AppLibrary">
<arg>new</arg>
<status status="PASS" starttime="20231114 22:33:42.940" endtime="20231114 22:33:42.940"/>
</kw>
<status status="PASS" starttime="20231114 22:33:42.939" endtime="20231114 22:33:42.940"/>
</kw>
<status status="PASS" starttime="20231114 22:33:42.939" endtime="20231114 22:33:42.940"/>
</kw>
<kw name="Input Credentials" library="resource">
<arg>abc123</arg>
<arg>salasana1</arg>
<kw name="Input" library="AppLibrary">
<arg>${username}</arg>
<status status="PASS" starttime="20231114 22:33:42.940" endtime="20231114 22:33:42.940"/>
</kw>
<kw name="Input" library="AppLibrary">
<arg>${password}</arg>
<status status="PASS" starttime="20231114 22:33:42.940" endtime="20231114 22:33:42.940"/>
</kw>
<kw name="Run Application" library="AppLibrary">
<status status="PASS" starttime="20231114 22:33:42.940" endtime="20231114 22:33:42.940"/>
</kw>
<status status="PASS" starttime="20231114 22:33:42.940" endtime="20231114 22:33:42.941"/>
</kw>
<kw name="Output Should Contain" library="AppLibrary">
<arg>Username should only contain characters a-z</arg>
<status status="PASS" starttime="20231114 22:33:42.941" endtime="20231114 22:33:42.941"/>
</kw>
<status status="PASS" starttime="20231114 22:33:42.939" endtime="20231114 22:33:42.941"/>
</test>
<test id="s1-s2-t5" name="Register With Valid Username And Too Short Password" line="22">
<kw name="Create User And Input New Command" type="SETUP">
<kw name="Create User" library="AppLibrary">
<arg>testi</arg>
<arg>salasana1</arg>
<status status="PASS" starttime="20231114 22:33:42.941" endtime="20231114 22:33:42.942"/>
</kw>
<kw name="Input New Command" library="resource">
<kw name="Input" library="AppLibrary">
<arg>new</arg>
<status status="PASS" starttime="20231114 22:33:42.942" endtime="20231114 22:33:42.942"/>
</kw>
<status status="PASS" starttime="20231114 22:33:42.942" endtime="20231114 22:33:42.942"/>
</kw>
<status status="PASS" starttime="20231114 22:33:42.941" endtime="20231114 22:33:42.942"/>
</kw>
<kw name="Input Credentials" library="resource">
<arg>abc</arg>
<arg>salasan</arg>
<kw name="Input" library="AppLibrary">
<arg>${username}</arg>
<status status="PASS" starttime="20231114 22:33:42.942" endtime="20231114 22:33:42.942"/>
</kw>
<kw name="Input" library="AppLibrary">
<arg>${password}</arg>
<status status="PASS" starttime="20231114 22:33:42.942" endtime="20231114 22:33:42.942"/>
</kw>
<kw name="Run Application" library="AppLibrary">
<status status="PASS" starttime="20231114 22:33:42.943" endtime="20231114 22:33:42.943"/>
</kw>
<status status="PASS" starttime="20231114 22:33:42.942" endtime="20231114 22:33:42.943"/>
</kw>
<kw name="Output Should Contain" library="AppLibrary">
<arg>Password needs to be at least 8 characters long</arg>
<status status="PASS" starttime="20231114 22:33:42.943" endtime="20231114 22:33:42.943"/>
</kw>
<status status="PASS" starttime="20231114 22:33:42.941" endtime="20231114 22:33:42.943"/>
</test>
<test id="s1-s2-t6" name="Register With Valid Username And Long Enough Password Containing Only Letters" line="26">
<kw name="Create User And Input New Command" type="SETUP">
<kw name="Create User" library="AppLibrary">
<arg>testi</arg>
<arg>salasana1</arg>
<status status="PASS" starttime="20231114 22:33:42.944" endtime="20231114 22:33:42.944"/>
</kw>
<kw name="Input New Command" library="resource">
<kw name="Input" library="AppLibrary">
<arg>new</arg>
<status status="PASS" starttime="20231114 22:33:42.944" endtime="20231114 22:33:42.944"/>
</kw>
<status status="PASS" starttime="20231114 22:33:42.944" endtime="20231114 22:33:42.944"/>
</kw>
<status status="PASS" starttime="20231114 22:33:42.944" endtime="20231114 22:33:42.944"/>
</kw>
<kw name="Input Credentials" library="resource">
<arg>abc</arg>
<arg>salasana</arg>
<kw name="Input" library="AppLibrary">
<arg>${username}</arg>
<status status="PASS" starttime="20231114 22:33:42.945" endtime="20231114 22:33:42.945"/>
</kw>
<kw name="Input" library="AppLibrary">
<arg>${password}</arg>
<status status="PASS" starttime="20231114 22:33:42.945" endtime="20231114 22:33:42.945"/>
</kw>
<kw name="Run Application" library="AppLibrary">
<status status="PASS" starttime="20231114 22:33:42.945" endtime="20231114 22:33:42.945"/>
</kw>
<status status="PASS" starttime="20231114 22:33:42.944" endtime="20231114 22:33:42.945"/>
</kw>
<kw name="Output Should Contain" library="AppLibrary">
<arg>Password can not be only letters</arg>
<status status="PASS" starttime="20231114 22:33:42.945" endtime="20231114 22:33:42.945"/>
</kw>
<status status="PASS" starttime="20231114 22:33:42.943" endtime="20231114 22:33:42.945"/>
</test>
<status status="PASS" starttime="20231114 22:33:42.931" endtime="20231114 22:33:42.946"/>
</suite>
<status status="PASS" starttime="20231114 22:33:42.905" endtime="20231114 22:33:42.946"/>
</suite>
<statistics>
<total>
<stat pass="9" fail="0" skip="0">All Tests</stat>
</total>
<tag>
</tag>
<suite>
<stat pass="9" fail="0" skip="0" id="s1" name="Tests">Tests</stat>
<stat pass="3" fail="0" skip="0" id="s1-s1" name="Login">Tests.Login</stat>
<stat pass="6" fail="0" skip="0" id="s1-s2" name="Register">Tests.Register</stat>
</suite>
</statistics>
<errors>
</errors>
</robot>
